\BOOKMARK [1][-]{section.1}{\376\377\133\236\163\260\140\035\215\357}{}% 1
\BOOKMARK [2][-]{subsection.1.1}{\376\377\145\366\224\237}{section.1}% 2
\BOOKMARK [3][-]{subsubsection.1.1.1}{\376\377\145\366\224\237\176\304\116\366}{subsection.1.1}% 3
\BOOKMARK [3][-]{subsubsection.1.1.2}{\376\377\136\163\156\321\145\110\147\234}{subsection.1.1}% 4
\BOOKMARK [3][-]{subsubsection.1.1.3}{\376\377\142\326\142\375\122\237\200\375}{subsection.1.1}% 5
\BOOKMARK [2][-]{subsection.1.2}{\376\377\225\371\224\237}{section.1}% 6
\BOOKMARK [3][-]{subsubsection.1.2.1}{\376\377\145\366\224\237\176\304\116\366}{subsection.1.2}% 7
\BOOKMARK [3][-]{subsubsection.1.2.2}{\376\377\155\373\122\240\122\237\200\375}{subsection.1.2}% 8
\BOOKMARK [3][-]{subsubsection.1.2.3}{\376\377\225\371\224\237\122\237\200\375}{subsection.1.2}% 9
\BOOKMARK [2][-]{subsection.1.3}{\376\377\213\241\145\366\126\150}{section.1}% 10
\BOOKMARK [3][-]{subsubsection.1.3.1}{\376\377\145\366\224\237\176\304\116\366}{subsection.1.3}% 11
\BOOKMARK [3][-]{subsubsection.1.3.2}{\376\377\213\241\145\366\122\237\200\375}{subsection.1.3}% 12
\BOOKMARK [3][-]{subsubsection.1.3.3}{\376\377\220\032\167\345\122\237\200\375}{subsection.1.3}% 13
\BOOKMARK [2][-]{subsection.1.4}{\376\377\171\322\210\150}{section.1}% 14
\BOOKMARK [3][-]{subsubsection.1.4.1}{\376\377\145\366\224\237\176\304\116\366}{subsection.1.4}% 15
\BOOKMARK [3][-]{subsubsection.1.4.2}{\376\377\213\241\145\366\122\237\200\375}{subsection.1.4}% 16
\BOOKMARK [3][-]{subsubsection.1.4.3}{\376\377\150\007\213\260\122\237\200\375}{subsection.1.4}% 17
\BOOKMARK [2][-]{subsection.1.5}{\376\377\146\016\146\227\152\041\137\017\122\007\143\142}{section.1}% 18
\BOOKMARK [1][-]{section.2}{\376\377\117\177\165\050\213\364\146\016}{}% 19
\BOOKMARK [2][-]{subsection.2.1}{\376\377\173\200\116\313}{section.2}% 20
\BOOKMARK [2][-]{subsection.2.2}{\376\377\145\366\224\237}{section.2}% 21
\BOOKMARK [3][-]{subsubsection.2.2.1}{\376\377\210\150\166\330}{subsection.2.2}% 22
\BOOKMARK [3][-]{subsubsection.2.2.2}{\376\377\146\364\145\071\145\366\225\364}{subsection.2.2}% 23
\BOOKMARK [2][-]{subsection.2.3}{\376\377\225\371\224\237}{section.2}% 24
\BOOKMARK [3][-]{subsubsection.2.3.1}{\376\377\155\373\122\240\225\371\224\237}{subsection.2.3}% 25
\BOOKMARK [3][-]{subsubsection.2.3.2}{\376\377\177\026\217\221\225\371\224\237}{subsection.2.3}% 26
\BOOKMARK [3][-]{subsubsection.2.3.3}{\376\377\225\371\224\237\124\315\215\167}{subsection.2.3}% 27
\BOOKMARK [2][-]{subsection.2.4}{\376\377\213\241\145\366\126\150}{section.2}% 28
\BOOKMARK [3][-]{subsubsection.2.4.1}{\376\377\213\241\145\366\122\237\200\375}{subsection.2.4}% 29
\BOOKMARK [3][-]{subsubsection.2.4.2}{\376\377\213\241\145\366\126\150\124\315\215\167}{subsection.2.4}% 30
\BOOKMARK [2][-]{subsection.2.5}{\376\377\171\322\210\150}{section.2}% 31
\BOOKMARK [3][-]{subsubsection.2.5.1}{\376\377\213\241\145\366\122\237\200\375}{subsection.2.5}% 32
\BOOKMARK [3][-]{subsubsection.2.5.2}{\376\377\150\007\213\260\122\237\200\375}{subsection.2.5}% 33
\BOOKMARK [2][-]{subsection.2.6}{\376\377\146\016\146\227\152\041\137\017\122\007\143\142}{section.2}% 34
\BOOKMARK [1][-]{section.3}{\376\377\220\107\122\060\225\356\230\230\123\312\211\343\121\263\145\271\150\110}{}% 35
\BOOKMARK [2][-]{subsection.3.1}{\376\377\145\366\224\237}{section.3}% 36
\BOOKMARK [3][-]{subsubsection.3.1.1}{\376\377\225\356\230\230\116\000\123\312\211\343\121\263\145\271\150\110}{subsection.3.1}% 37
\BOOKMARK [3][-]{subsubsection.3.1.2}{\376\377\225\356\230\230\116\214\123\312\211\343\121\263\145\271\150\110}{subsection.3.1}% 38
\BOOKMARK [2][-]{subsection.3.2}{\376\377\225\371\224\237}{section.3}% 39
\BOOKMARK [3][-]{subsubsection.3.2.1}{\376\377\225\356\230\230\116\011\123\312\211\343\121\263\145\271\150\110}{subsection.3.2}% 40
\BOOKMARK [3][-]{subsubsection.3.2.2}{\376\377\225\356\230\230\126\333\123\312\211\343\121\263\145\271\150\110}{subsection.3.2}% 41
\BOOKMARK [2][-]{subsection.3.3}{\376\377\213\241\145\366\126\150}{section.3}% 42
\BOOKMARK [3][-]{subsubsection.3.3.1}{\376\377\225\356\230\230\116\224\123\312\211\343\121\263\145\271\150\110}{subsection.3.3}% 43
\BOOKMARK [3][-]{subsubsection.3.3.2}{\376\377\225\356\230\230\121\155\123\312\211\343\121\263\145\271\150\110}{subsection.3.3}% 44
\BOOKMARK [2][-]{subsection.3.4}{\376\377\171\322\210\150}{section.3}% 45
\BOOKMARK [3][-]{subsubsection.3.4.1}{\376\377\225\356\230\230\116\003\123\312\211\343\121\263\145\271\150\110}{subsection.3.4}% 46
\BOOKMARK [2][-]{subsection.3.5}{\376\377\146\016\146\227\152\041\137\017\122\007\143\142}{section.3}% 47
\BOOKMARK [3][-]{subsubsection.3.5.1}{\376\377\225\356\230\230\121\153\123\312\211\343\121\263\145\271\150\110}{subsection.3.5}% 48
\BOOKMARK [1][-]{section.4}{\376\377\123\302\200\003\215\104\145\231}{}% 49
\BOOKMARK [2][-]{subsection.4.1}{\376\377\145\366\224\237}{section.4}% 50
\BOOKMARK [2][-]{subsection.4.2}{\376\377\225\371\224\237}{section.4}% 51
\BOOKMARK [2][-]{subsection.4.3}{\376\377\213\241\145\366\126\150}{section.4}% 52
\BOOKMARK [2][-]{subsection.4.4}{\376\377\171\322\210\150}{section.4}% 53
\BOOKMARK [2][-]{subsection.4.5}{\376\377\146\016\146\227\152\041\137\017\122\007\143\142}{section.4}% 54
